<?xml version="1.0" encoding="UTF-8"?>
<!-- Generated by org.testng.reporters.JUnitXMLReporter -->
<testsuite ignored="0" hostname="acer-53" failures="0" tests="3" name="Default test" time="29.278" errors="0" timestamp="2023-09-09T16:24:07 IST">
  <testcase classname="selenium.testcase.JiraTestCase" name="enterEmailid" time="3.832"/>
  <testcase classname="selenium.testcase.JiraTestCase" name="createSDET" time="12.499"/>
  <testcase classname="selenium.testcase.JiraTestCase" name="verifyBaclog" time="7.463"/>
</testsuite> <!-- Default test -->
