<?xml version="1.0" encoding="UTF-8"?>
<testng-results ignored="0" total="1" passed="1" failed="0" skipped="0">
  <reporter-output>
  </reporter-output>
  <suite started-at="2023-08-24T15:05:23 IST" name="Default suite" finished-at="2023-08-24T15:05:25 IST" duration-ms="2035">
    <groups>
    </groups>
    <test started-at="2023-08-24T15:05:23 IST" name="Default test" finished-at="2023-08-24T15:05:25 IST" duration-ms="2035">
      <class name="SeleniumHomeWork.Day_6_Assignment">
        <test-method is-config="true" signature="lanuchChrome()[pri:0, instance:SeleniumHomeWork.Day_6_Assignment@6f8e8894]" started-at="2023-08-24T15:05:23 IST" name="lanuchChrome" finished-at="2023-08-24T15:05:24 IST" duration-ms="1786" status="PASS">
          <reporter-output>
          </reporter-output>
        </test-method> <!-- lanuchChrome -->
        <test-method signature="w3School()[pri:0, instance:SeleniumHomeWork.Day_6_Assignment@6f8e8894]" started-at="2023-08-24T15:05:24 IST" name="w3School" finished-at="2023-08-24T15:05:25 IST" duration-ms="164" status="PASS">
          <reporter-output>
          </reporter-output>
        </test-method> <!-- w3School -->
        <test-method is-config="true" signature="closeBrowser()[pri:0, instance:SeleniumHomeWork.Day_6_Assignment@6f8e8894]" started-at="2023-08-24T15:05:25 IST" name="closeBrowser" finished-at="2023-08-24T15:05:25 IST" duration-ms="67" status="PASS">
          <reporter-output>
          </reporter-output>
        </test-method> <!-- closeBrowser -->
      </class> <!-- SeleniumHomeWork.Day_6_Assignment -->
    </test> <!-- Default test -->
  </suite> <!-- Default suite -->
</testng-results>
