<?xml version="1.0" encoding="UTF-8"?>
<testng-results ignored="0" total="1" passed="1" failed="0" skipped="0">
  <reporter-output>
  </reporter-output>
  <suite started-at="2023-10-04T19:13:56 IST" name="Default suite" finished-at="2023-10-04T19:13:56 IST" duration-ms="30">
    <groups>
    </groups>
    <test started-at="2023-10-04T19:13:56 IST" name="Default test" finished-at="2023-10-04T19:13:56 IST" duration-ms="30">
      <class name="week5.HomeWork.SortArray">
        <test-method signature="test()[pri:0, instance:week5.HomeWork.SortArray@6f1c29b7]" started-at="2023-10-04T19:13:56 IST" name="test" finished-at="2023-10-04T19:13:56 IST" duration-ms="5" status="PASS">
          <reporter-output>
          </reporter-output>
        </test-method> <!-- test -->
      </class> <!-- week5.HomeWork.SortArray -->
    </test> <!-- Default test -->
  </suite> <!-- Default suite -->
</testng-results>
